<?xml version="1.0" encoding="utf-8"?><testsuites name="pytest tests"><testsuite name="pytest" errors="0" failures="0" skipped="0" tests="42" time="195.631" timestamp="2026-05-11T14:36:50.467832+00:00" hostname="agent-env-f9bc3c18-ed5c-48b6-86cc-2d3290974af2"><testcase classname="tests.test_videostoprompt_api.TestHealth" name="test_root" time="0.191" /><testcase classname="tests.test_videostoprompt_api.TestHealth" name="test_health" time="0.105" /><testcase classname="tests.test_videostoprompt_api.TestAuth" name="test_me_no_auth" time="0.134" /><testcase classname="tests.test_videostoprompt_api.TestAuth" name="test_me_with_token" time="0.126" /><testcase classname="tests.test_videostoprompt_api.TestAuth" name="test_invalid_token" time="0.120" /><testcase classname="tests.test_videostoprompt_api.TestVideoUpload" name="test_upload_success" time="1.816" /><testcase classname="tests.test_videostoprompt_api.TestVideoUpload" name="test_upload_invalid_ext" time="0.122" /><testcase classname="tests.test_videostoprompt_api.TestVideoUpload" name="test_upload_too_large" time="5.525" /><testcase classname="tests.test_videostoprompt_api.TestVideoUpload" name="test_list_videos" time="0.134" /><testcase classname="tests.test_videostoprompt_api.TestGeneration" name="test_generate_prompt_async_starts" time="0.181" /><testcase classname="tests.test_videostoprompt_api.TestGeneration" name="test_generate_prompt_polls_to_completion" time="181.917" /><testcase classname="tests.test_videostoprompt_api.TestGeneration" name="test_credit_refunded_on_fallback" time="0.151" /><testcase classname="tests.test_videostoprompt_api.TestGeneration" name="test_list_generations" time="0.169" /><testcase classname="tests.test_videostoprompt_api.TestGeneration" name="test_get_generation" time="0.158" /><testcase classname="tests.test_videostoprompt_api.TestSavedPrompts" name="test_save_prompt" time="0.159" /><testcase classname="tests.test_videostoprompt_api.TestSavedPrompts" name="test_list_saved" time="0.116" /><testcase classname="tests.test_videostoprompt_api.TestSavedPrompts" name="test_delete_saved" time="0.170" /><testcase classname="tests.test_videostoprompt_api.TestCreditsAndPlans" name="test_user_credits" time="0.156" /><testcase classname="tests.test_videostoprompt_api.TestCreditsAndPlans" name="test_plans" time="0.150" /><testcase classname="tests.test_videostoprompt_api.TestPayments" name="test_create_order" time="0.124" /><testcase classname="tests.test_videostoprompt_api.TestPayments" name="test_verify_order" time="0.206" /><testcase classname="tests.test_videostoprompt_api.TestPayments" name="test_payment_history" time="0.131" /><testcase classname="tests.test_videostoprompt_api.TestAPIKeys" name="test_create_key" time="0.130" /><testcase classname="tests.test_videostoprompt_api.TestAPIKeys" name="test_list_keys_no_hash" time="0.126" /><testcase classname="tests.test_videostoprompt_api.TestAPIKeys" name="test_delete_key" time="0.133" /><testcase classname="tests.test_videostoprompt_api.TestContact" name="test_contact_public" time="0.132" /><testcase classname="tests.test_videostoprompt_api.TestAdminGating" name="test_user_cannot_access_admin" time="0.132" /><testcase classname="tests.test_videostoprompt_api.TestAdminGating" name="test_admin_stats" time="0.127" /><testcase classname="tests.test_videostoprompt_api.TestAdminGating" name="test_admin_users" time="0.129" /><testcase classname="tests.test_videostoprompt_api.TestAdminGating" name="test_admin_payments" time="0.111" /><testcase classname="tests.test_videostoprompt_api.TestAdminGating" name="test_admin_generations" time="0.138" /><testcase classname="tests.test_videostoprompt_api.TestAdminGating" name="test_admin_integration_keys_get" time="0.117" /><testcase classname="tests.test_videostoprompt_api.TestAdminGating" name="test_admin_logs" time="0.126" /><testcase classname="tests.test_videostoprompt_api.TestAdminActions" name="test_credits_adjust" time="0.360" /><testcase classname="tests.test_videostoprompt_api.TestAdminActions" name="test_integration_keys_update" time="0.277" /><testcase classname="tests.test_videostoprompt_api.TestPublicSiteConfig" name="test_public_site_config_no_auth" time="0.120" /><testcase classname="tests.test_videostoprompt_api.TestAdminSiteConfig" name="test_admin_get_site_config" time="0.117" /><testcase classname="tests.test_videostoprompt_api.TestAdminSiteConfig" name="test_admin_put_site_config_and_public_reflects" time="0.382" /><testcase classname="tests.test_videostoprompt_api.TestAdminIntegrationKeysExtended" name="test_put_extended_keys" time="0.212" /><testcase classname="tests.test_videostoprompt_api.TestAdminIntegrationKeysExtended" name="test_public_site_config_reflects_google_client_id" time="0.123" /><testcase classname="tests.test_videostoprompt_api.TestGoogleOwnVerify" name="test_verify_without_client_id_returns_503" time="0.131" /><testcase classname="tests.test_videostoprompt_api.TestGoogleOwnVerify" name="test_verify_invalid_token_returns_401" time="0.327" /></testsuite></testsuites>