<?xml version="1.0" encoding="utf-8"?><testsuites name="pytest tests"><testsuite name="pytest" errors="0" failures="1" skipped="0" tests="13" time="4.956" timestamp="2026-05-11T15:17:42.750817+00:00" hostname="agent-env-f9bc3c18-ed5c-48b6-86cc-2d3290974af2"><testcase classname="tests.test_admin_master_auth.TestMasterAdminLogin" name="test_correct_credentials_returns_200" time="0.426" /><testcase classname="tests.test_admin_master_auth.TestMasterAdminLogin" name="test_token_grants_auth_me_admin" time="0.460" /><testcase classname="tests.test_admin_master_auth.TestMasterAdminLogin" name="test_token_grants_admin_stats" time="0.550" /><testcase classname="tests.test_admin_master_auth.TestMasterAdminLogin" name="test_wrong_password_returns_401" time="0.372" /><testcase classname="tests.test_admin_master_auth.TestMasterAdminLogin" name="test_wrong_username_returns_401" time="0.151" /><testcase classname="tests.test_admin_master_auth.TestMasterAdminLockout" name="test_lockout_after_5_failures" time="0.719" /><testcase classname="tests.test_admin_master_auth.TestMasterAdminSeedingPersistence" name="test_settings_doc_persisted_in_db" time="0.004" /><testcase classname="tests.test_admin_master_auth.TestMasterAdminSeedingPersistence" name="test_master_user_exists_with_admin_role" time="0.003" /><testcase classname="tests.test_admin_master_auth.TestMasterAdminSeedingPersistence" name="test_login_still_works_after_first_call" time="1.693" /><testcase classname="tests.test_admin_master_auth.TestFreeTierCreditRefresh" name="test_free_user_credits_refilled_to_2_after_24h" time="0.124" /><testcase classname="tests.test_admin_master_auth.TestFreeTierCreditRefresh" name="test_free_user_credits_NOT_refilled_within_24h" time="0.124" /><testcase classname="tests.test_admin_master_auth.TestFreeTierCreditRefresh" name="test_pro_user_NOT_refilled" time="0.142" /><testcase classname="tests.test_admin_master_auth.TestFreePlanPricingTwoCredits" name="test_plans_show_free_two_credits" time="0.127"><failure message="AssertionError: free plan must mention 2 credits/day: {'id': 'starter', 'name': 'Starter', 'amount': 49900, 'credits': 100, 'type': 'subscription'}&#10;assert '2' in &quot;{'id': 'starter', 'name': 'starter', 'amount': 49900, 'credits': 100, 'type': 'subscription'}&quot;">tests/test_admin_master_auth.py:307: in test_plans_show_free_two_credits
    assert "2" in text, f"free plan must mention 2 credits/day: {free_plan}"
E   AssertionError: free plan must mention 2 credits/day: {'id': 'starter', 'name': 'Starter', 'amount': 49900, 'credits': 100, 'type': 'subscription'}
E   assert '2' in "{'id': 'starter', 'name': 'starter', 'amount': 49900, 'credits': 100, 'type': 'subscription'}"</failure></testcase></testsuite></testsuites>