<?xml version="1.0" encoding="utf-8"?><testsuites name="pytest tests"><testsuite name="pytest" errors="0" failures="0" skipped="2" tests="55" time="18.491" timestamp="2026-05-11T15:19:20.393166+00:00" hostname="agent-env-f9bc3c18-ed5c-48b6-86cc-2d3290974af2"><testcase classname="tests.test_admin_master_auth.TestMasterAdminLogin" name="test_correct_credentials_returns_200" time="0.394" /><testcase classname="tests.test_admin_master_auth.TestMasterAdminLogin" name="test_token_grants_auth_me_admin" time="0.465" /><testcase classname="tests.test_admin_master_auth.TestMasterAdminLogin" name="test_token_grants_admin_stats" time="0.509" /><testcase classname="tests.test_admin_master_auth.TestMasterAdminLogin" name="test_wrong_password_returns_401" time="0.374" /><testcase classname="tests.test_admin_master_auth.TestMasterAdminLogin" name="test_wrong_username_returns_401" time="0.120" /><testcase classname="tests.test_admin_master_auth.TestMasterAdminLockout" name="test_lockout_after_5_failures" time="0.800"><skipped type="pytest.xfail" message="KNOWN ARCHITECTURAL BUG: lockout key uses request.client.host which in Kubernetes is the ingress-pod IP, not the real client. With &gt;1 ingress replica, the 5-attempt bucket is split across pod IPs (seen in backend logs: 10.79.131.92 + 10.79.131.93), so the threshold is never reached and lockout is bypassable. Fix in admin_master_auth.py:_record_failure key: trust X-Forwarded-For OR drop ip from key (per-username global) — this is a master account, so per-username is appropriate." /></testcase><testcase classname="tests.test_admin_master_auth.TestMasterAdminSeedingPersistence" name="test_settings_doc_persisted_in_db" time="0.004" /><testcase classname="tests.test_admin_master_auth.TestMasterAdminSeedingPersistence" name="test_master_user_exists_with_admin_role" time="0.004" /><testcase classname="tests.test_admin_master_auth.TestMasterAdminSeedingPersistence" name="test_login_still_works_after_first_call" time="1.773" /><testcase classname="tests.test_admin_master_auth.TestFreeTierCreditRefresh" name="test_free_user_credits_refilled_to_2_after_24h" time="0.121" /><testcase classname="tests.test_admin_master_auth.TestFreeTierCreditRefresh" name="test_free_user_credits_NOT_refilled_within_24h" time="0.115" /><testcase classname="tests.test_admin_master_auth.TestFreeTierCreditRefresh" name="test_pro_user_NOT_refilled" time="0.124" /><testcase classname="tests.test_admin_master_auth.TestFreePlanPricingTwoCredits" name="test_plans_show_free_two_credits" time="0.119"><skipped type="pytest.skip" message="Free-tier '2 credits/day' is frontend pricing copy + backend refresh logic (already tested in TestFreeTierCreditRefresh)">/app/backend/tests/test_admin_master_auth.py:320: Free-tier '2 credits/day' is frontend pricing copy + backend refresh logic (already tested in TestFreeTierCreditRefresh)</skipped></testcase><testcase classname="tests.test_videostoprompt_api.TestHealth" name="test_root" time="0.132" /><testcase classname="tests.test_videostoprompt_api.TestHealth" name="test_health" time="0.187" /><testcase classname="tests.test_videostoprompt_api.TestAuth" name="test_me_no_auth" time="0.125" /><testcase classname="tests.test_videostoprompt_api.TestAuth" name="test_me_with_token" time="0.121" /><testcase classname="tests.test_videostoprompt_api.TestAuth" name="test_invalid_token" time="0.126" /><testcase classname="tests.test_videostoprompt_api.TestVideoUpload" name="test_upload_success" time="0.860" /><testcase classname="tests.test_videostoprompt_api.TestVideoUpload" name="test_upload_invalid_ext" time="0.124" /><testcase classname="tests.test_videostoprompt_api.TestVideoUpload" name="test_upload_too_large" time="3.420" /><testcase classname="tests.test_videostoprompt_api.TestVideoUpload" name="test_list_videos" time="0.122" /><testcase classname="tests.test_videostoprompt_api.TestGeneration" name="test_generate_prompt_async_starts" time="0.211" /><testcase classname="tests.test_videostoprompt_api.TestGeneration" name="test_generate_prompt_polls_to_completion" time="3.231" /><testcase classname="tests.test_videostoprompt_api.TestGeneration" name="test_credit_refunded_on_fallback" time="0.129" /><testcase classname="tests.test_videostoprompt_api.TestGeneration" name="test_list_generations" time="0.103" /><testcase classname="tests.test_videostoprompt_api.TestGeneration" name="test_get_generation" time="0.125" /><testcase classname="tests.test_videostoprompt_api.TestSavedPrompts" name="test_save_prompt" time="0.127" /><testcase classname="tests.test_videostoprompt_api.TestSavedPrompts" name="test_list_saved" time="0.119" /><testcase classname="tests.test_videostoprompt_api.TestSavedPrompts" name="test_delete_saved" time="0.195" /><testcase classname="tests.test_videostoprompt_api.TestCreditsAndPlans" name="test_user_credits" time="0.124" /><testcase classname="tests.test_videostoprompt_api.TestCreditsAndPlans" name="test_plans" time="0.130" /><testcase classname="tests.test_videostoprompt_api.TestPayments" name="test_create_order" time="0.140" /><testcase classname="tests.test_videostoprompt_api.TestPayments" name="test_verify_order" time="0.167" /><testcase classname="tests.test_videostoprompt_api.TestPayments" name="test_payment_history" time="0.122" /><testcase classname="tests.test_videostoprompt_api.TestAPIKeys" name="test_create_key" time="0.126" /><testcase classname="tests.test_videostoprompt_api.TestAPIKeys" name="test_list_keys_no_hash" time="0.146" /><testcase classname="tests.test_videostoprompt_api.TestAPIKeys" name="test_delete_key" time="0.121" /><testcase classname="tests.test_videostoprompt_api.TestContact" name="test_contact_public" time="0.117" /><testcase classname="tests.test_videostoprompt_api.TestAdminGating" name="test_user_cannot_access_admin" time="0.128" /><testcase classname="tests.test_videostoprompt_api.TestAdminGating" name="test_admin_stats" time="0.143" /><testcase classname="tests.test_videostoprompt_api.TestAdminGating" name="test_admin_users" time="0.127" /><testcase classname="tests.test_videostoprompt_api.TestAdminGating" name="test_admin_payments" time="0.132" /><testcase classname="tests.test_videostoprompt_api.TestAdminGating" name="test_admin_generations" time="0.154" /><testcase classname="tests.test_videostoprompt_api.TestAdminGating" name="test_admin_integration_keys_get" time="0.124" /><testcase classname="tests.test_videostoprompt_api.TestAdminGating" name="test_admin_logs" time="0.113" /><testcase classname="tests.test_videostoprompt_api.TestAdminActions" name="test_credits_adjust" time="0.291" /><testcase classname="tests.test_videostoprompt_api.TestAdminActions" name="test_integration_keys_update" time="0.263" /><testcase classname="tests.test_videostoprompt_api.TestPublicSiteConfig" name="test_public_site_config_no_auth" time="0.118" /><testcase classname="tests.test_videostoprompt_api.TestAdminSiteConfig" name="test_admin_get_site_config" time="0.156" /><testcase classname="tests.test_videostoprompt_api.TestAdminSiteConfig" name="test_admin_put_site_config_and_public_reflects" time="0.304" /><testcase classname="tests.test_videostoprompt_api.TestAdminIntegrationKeysExtended" name="test_put_extended_keys" time="0.221" /><testcase classname="tests.test_videostoprompt_api.TestAdminIntegrationKeysExtended" name="test_public_site_config_reflects_google_client_id" time="0.125" /><testcase classname="tests.test_videostoprompt_api.TestGoogleOwnVerify" name="test_verify_without_client_id_returns_503" time="0.122" /><testcase classname="tests.test_videostoprompt_api.TestGoogleOwnVerify" name="test_verify_invalid_token_returns_401" time="0.301" /></testsuite></testsuites>